\BOOKMARK [0][-]{chapter.1}{Introduction}{}% 1
\BOOKMARK [1][-]{section.1.1}{Contexte}{chapter.1}% 2
\BOOKMARK [1][-]{section.1.2}{Objectifs}{chapter.1}% 3
\BOOKMARK [1][-]{section.1.3}{Contraintes}{chapter.1}% 4
\BOOKMARK [0][-]{chapter.2}{D\351veloppement}{}% 5
\BOOKMARK [1][-]{section.2.1}{Outils mis en place}{chapter.2}% 6
\BOOKMARK [1][-]{section.2.2}{Technologies utilis\351es}{chapter.2}% 7
\BOOKMARK [1][-]{section.2.3}{Algorithme mis en place}{chapter.2}% 8
\BOOKMARK [1][-]{section.2.4}{Solutions mis en place}{chapter.2}% 9
\BOOKMARK [2][-]{subsection.2.4.1}{D\351veloppement Android}{section.2.4}% 10
\BOOKMARK [2][-]{subsection.2.4.2}{D\351veloppement C++}{section.2.4}% 11
\BOOKMARK [1][-]{section.2.5}{Probl\350mes rencontr\351s}{chapter.2}% 12
\BOOKMARK [2][-]{subsection.2.5.1}{Limitation des sessions \340 l'ENSICAEN}{section.2.5}% 13
\BOOKMARK [2][-]{subsection.2.5.2}{Probl\350mes rencontr\351s lors du d\351veloppement Android}{section.2.5}% 14
\BOOKMARK [0][-]{chapter.3}{R\351sultats}{}% 15
\BOOKMARK [1][-]{section.3.1}{Cadre id\351al}{chapter.3}% 16
\BOOKMARK [1][-]{section.3.2}{Webcam}{chapter.3}% 17
\BOOKMARK [1][-]{section.3.3}{Android}{chapter.3}% 18
\BOOKMARK [0][-]{chapter.4}{Conclusion}{}% 19
\BOOKMARK [1][-]{section.4.1}{Apports techniques}{chapter.4}% 20
\BOOKMARK [1][-]{section.4.2}{Apports scientifiques}{chapter.4}% 21
\BOOKMARK [1][-]{section.4.3}{Bilan}{chapter.4}% 22
\BOOKMARK [0][-]{chapter.5}{Bibliographie}{}% 23
\BOOKMARK [0][-]{appendix.A}{Annexes}{}% 24
